Start testing: May 18 00:35 CST
----------------------------------------------------------
1/1 Testing: test_custom
1/1 Test: test_custom
Command: "/Users/lokidoors/gitee/cpp/polymorphism/build/test/test_custom"
Directory: /Users/lokidoors/gitee/cpp/polymorphism/build/test
"test_custom" start time: May 18 00:35 CST
Output:
----------------------------------------------------------
Test in Derived!!!
<end of output>
Test time =   0.00 sec
----------------------------------------------------------
Test Passed.
"test_custom" end time: May 18 00:35 CST
"test_custom" time elapsed: 00:00:00
----------------------------------------------------------

End testing: May 18 00:35 CST
